
2021-06-21 17:10:43,812 
/Users/choijaeha/Desktop/personage/codes/controller.py 
controller DEBUG 
controller 종료


2021-06-21 17:12:19,435 
/Users/choijaeha/Desktop/personage/codes/controller.py 
controller DEBUG 
===== controller 시작 =====


2021-06-21 17:12:23,446 
/Users/choijaeha/Desktop/personage/codes/controller.py 
controller DEBUG 
===== add 메뉴에 접근 =====


2021-06-21 17:12:32,079 
/Users/choijaeha/Desktop/personage/codes/controller.py 
controller DEBUG 
===== 인물명 추가 : james =====


2021-06-21 17:12:39,049 
/Users/choijaeha/Desktop/personage/codes/controller.py 
controller DEBUG 
===== 인물명 추가 : meiler =====


2021-06-21 17:12:44,650 
/Users/choijaeha/Desktop/personage/codes/controller.py 
controller DEBUG 
===== add 메뉴에서 퇴장 =====


2021-06-21 17:12:53,856 
/Users/choijaeha/Desktop/personage/codes/controller.py 
controller DEBUG 
===== controller 종료 =====


2021-06-21 17:59:13,631 
/Users/choijaeha/Desktop/personage/codes/controller.py 
controller DEBUG 
===== controller 시작 =====


2021-06-21 17:59:16,619 
/Users/choijaeha/Desktop/personage/codes/controller.py 
controller DEBUG 
===== add 메뉴에 접근 =====


2021-06-21 18:03:00,654 
/Users/choijaeha/Desktop/personage/codes/controller.py 
controller DEBUG 
===== add 메뉴에서 퇴장 =====


2021-06-21 18:03:07,102 
/Users/choijaeha/Desktop/personage/codes/controller.py 
controller DEBUG 
===== add 메뉴에 접근 =====


2021-06-21 18:03:28,834 
/Users/choijaeha/Desktop/personage/codes/controller.py 
controller DEBUG 
===== 인물명 추가 : /users/choijaeha/miniconda3/bin/python /users/choijaeha/desktop/personage/codes/logging_func.py =====


2021-06-21 18:03:32,376 
/Users/choijaeha/Desktop/personage/codes/controller.py 
controller DEBUG 
===== add 메뉴에서 퇴장 =====


2021-06-21 18:03:43,706 
/Users/choijaeha/Desktop/personage/codes/controller.py 
controller DEBUG 
===== add 메뉴에 접근 =====


2021-06-21 18:04:50,256 
/Users/choijaeha/Desktop/personage/codes/controller.py 
controller DEBUG 
===== 인물명 추가 : /users/choijaeha/miniconda3/bin/python /users/choijaeha/desktop/personage/codes/logging_func.py =====


2021-06-21 18:04:53,114 
/Users/choijaeha/Desktop/personage/codes/controller.py 
controller DEBUG 
===== add 메뉴에서 퇴장 =====


2021-06-21 18:04:55,196 
/Users/choijaeha/Desktop/personage/codes/controller.py 
controller DEBUG 
===== add 메뉴에 접근 =====


2021-06-21 18:04:58,085 
/Users/choijaeha/Desktop/personage/codes/controller.py 
controller DEBUG 
===== 인물명 추가 : /users/choijaeha/miniconda3/bin/python /users/choijaeha/desktop/personage/codes/logging_func.py =====


2021-06-21 18:05:01,045 
/Users/choijaeha/Desktop/personage/codes/controller.py 
controller DEBUG 
===== add 메뉴에서 퇴장 =====


2021-06-21 18:05:03,378 
/Users/choijaeha/Desktop/personage/codes/controller.py 
controller DEBUG 
===== add 메뉴에 접근 =====


2021-06-21 18:05:05,941 
/Users/choijaeha/Desktop/personage/codes/controller.py 
controller DEBUG 
===== add 메뉴에서 퇴장 =====


2021-06-21 18:08:15,412 
/Users/choijaeha/Desktop/personage/codes/controller.py 
controller DEBUG 
===== add 메뉴에 접근 =====


2021-06-21 18:08:22,029 
/Users/choijaeha/Desktop/personage/codes/controller.py 
controller DEBUG 
===== add 메뉴에서 퇴장 =====


2021-06-21 18:09:03,385 
/Users/choijaeha/Desktop/personage/codes/controller.py 
controller DEBUG 
===== add 메뉴에 접근 =====


2021-06-21 18:09:09,125 
/Users/choijaeha/Desktop/personage/codes/controller.py 
controller DEBUG 
===== 인물명 추가 : adas =====


2021-06-21 18:09:26,553 
/Users/choijaeha/Desktop/personage/codes/controller.py 
controller DEBUG 
===== 인물명 추가 : dkfm =====


2021-06-21 18:09:32,260 
/Users/choijaeha/Desktop/personage/codes/controller.py 
controller DEBUG 
===== 인물명 추가 : asdgk =====


2021-06-21 18:09:53,441 
/Users/choijaeha/Desktop/personage/codes/controller.py 
controller DEBUG 
===== add 메뉴에서 퇴장 =====


2021-06-21 18:09:57,769 
/Users/choijaeha/Desktop/personage/codes/controller.py 
controller DEBUG 
===== controller 종료 =====


2021-06-21 18:10:41,358 
/Users/choijaeha/Desktop/personage/codes/controller.py 
controller DEBUG 
===== controller 시작 =====


2021-06-21 18:10:48,499 
/Users/choijaeha/Desktop/personage/codes/controller.py 
controller DEBUG 
===== add 메뉴에 접근 =====


2021-06-21 18:11:04,503 
/Users/choijaeha/Desktop/personage/codes/controller.py 
controller DEBUG 
===== add 메뉴에서 퇴장 =====


2021-06-21 18:11:08,859 
/Users/choijaeha/Desktop/personage/codes/controller.py 
controller DEBUG 
===== controller 종료 =====


2021-06-21 18:33:23,697 
/Users/choijaeha/Desktop/personage/codes/controller.py 
controller DEBUG 
===== controller 시작 =====


2021-06-21 18:33:30,310 
/Users/choijaeha/Desktop/personage/codes/controller.py 
controller DEBUG 
===== controller 종료 =====


2021-06-21 18:45:18,530 
/Users/choijaeha/Desktop/personage/codes/controller.py 
controller DEBUG 
===== controller 시작 =====


2021-06-21 18:45:25,125 
/Users/choijaeha/Desktop/personage/codes/controller.py 
controller DEBUG 
===== add 메뉴에 접근 =====


2021-06-21 18:45:30,992 
/Users/choijaeha/Desktop/personage/codes/controller.py 
controller DEBUG 
===== add 메뉴에서 퇴장 =====


2021-06-21 18:45:33,069 
/Users/choijaeha/Desktop/personage/codes/controller.py 
controller DEBUG 
===== controller 종료 =====


2021-06-23 12:07:34,157 
/Users/jaeha/Desktop/personage/codes/controller.py 
controller DEBUG 
===== controller 시작 =====


2021-06-23 12:07:39,951 
/Users/jaeha/Desktop/personage/codes/controller.py 
controller DEBUG 
===== controller 종료 =====


2021-06-23 13:52:24,226 
/Users/jaeha/Desktop/personage/codes/controller.py 
controller DEBUG 
===== start controller =====


2021-06-23 13:52:27,551 
/Users/jaeha/Desktop/personage/codes/controller.py 
controller DEBUG 
===== esc controller =====


2021-06-23 13:52:46,778 
/Users/jaeha/Desktop/personage/codes/controller.py 
controller DEBUG 
===== start controller =====


2021-06-23 13:57:02,150 
/Users/jaeha/Desktop/personage/codes/controller.py 
controller DEBUG 
===== access 'add_menu' =====


2021-06-23 13:57:24,711 
/Users/jaeha/Desktop/personage/codes/controller.py 
controller DEBUG 
===== exit 'add_menu' =====


2021-06-23 13:57:26,207 
/Users/jaeha/Desktop/personage/codes/controller.py 
controller DEBUG 
===== esc controller =====


2021-06-23 14:00:31,884 
/Users/jaeha/Desktop/personage/codes/controller.py 
controller DEBUG 
===== start controller =====


2021-06-23 14:00:36,830 
/Users/jaeha/Desktop/personage/codes/controller.py 
controller DEBUG 
===== 'add' 메뉴접근 =====


2021-06-23 14:00:48,957 
/Users/jaeha/Desktop/personage/codes/controller.py 
controller DEBUG 
===== 인물명 추가 : attom =====


2021-06-23 14:00:56,010 
/Users/jaeha/Desktop/personage/codes/controller.py 
controller DEBUG 
===== 'add' 메뉴 퇴장 =====


2021-06-23 14:01:20,821 
/Users/jaeha/Desktop/personage/codes/controller.py 
controller DEBUG 
===== esc controller =====


2021-06-23 14:02:12,977 
/Users/jaeha/Desktop/personage/codes/controller.py 
controller DEBUG 
===== start controller =====


2021-06-23 14:02:12,977 
/Users/jaeha/Desktop/personage/codes/controller.py 
controller DEBUG 
===== 인물 리스트 생성 =====


2021-06-23 14:02:48,388 
/Users/jaeha/Desktop/personage/codes/controller.py 
controller DEBUG 
===== esc controller =====


2021-06-23 14:03:04,117 
/Users/jaeha/Desktop/personage/codes/controller.py 
controller DEBUG 
===== start controller =====


2021-06-23 14:03:16,249 
/Users/jaeha/Desktop/personage/codes/controller.py 
controller DEBUG 
===== 'add' 메뉴접근 =====


2021-06-23 14:03:24,658 
/Users/jaeha/Desktop/personage/codes/controller.py 
controller DEBUG 
===== 인물명 추가 : dre =====


2021-06-23 14:03:33,155 
/Users/jaeha/Desktop/personage/codes/controller.py 
controller DEBUG 
===== 인물명 추가 : brabit =====


2021-06-23 14:03:38,530 
/Users/jaeha/Desktop/personage/codes/controller.py 
controller DEBUG 
===== 'add' 메뉴 퇴장 =====


2021-06-23 14:07:43,555 
/Users/jaeha/Desktop/personage/codes/controller.py 
controller DEBUG 
===== esc controller =====


2021-06-23 15:00:44,417 
/Users/jaeha/Desktop/personage/codes/controller.py 
controller DEBUG 
===== start controller =====


2021-06-23 15:00:44,417 
/Users/jaeha/Desktop/personage/codes/controller.py 
controller DEBUG 
===== 인물 리스트 생성 =====


2021-06-23 15:00:46,614 
/Users/jaeha/Desktop/personage/codes/controller.py 
controller DEBUG 
===== 'add' 메뉴접근 =====


2021-06-23 15:00:55,078 
/Users/jaeha/Desktop/personage/codes/controller.py 
controller DEBUG 
===== 인물명 추가 : aurelia_de_souza =====


2021-06-23 15:01:00,460 
/Users/jaeha/Desktop/personage/codes/controller.py 
controller DEBUG 
===== 인물명 추가 : charles_addams =====


2021-06-23 15:01:02,297 
/Users/jaeha/Desktop/personage/codes/controller.py 
controller DEBUG 
===== 'add' 메뉴 퇴장 =====


2021-06-23 15:01:03,447 
/Users/jaeha/Desktop/personage/codes/controller.py 
controller DEBUG 
===== 'list' 메뉴접근 =====


2021-06-23 15:01:10,293 
/Users/jaeha/Desktop/personage/codes/controller.py 
controller DEBUG 
===== esc controller =====


2021-06-23 15:34:04,175 
/Users/jaeha/Desktop/personage/codes/controller.py 
controller DEBUG 
===== start controller =====


2021-06-23 15:34:19,293 
/Users/jaeha/Desktop/personage/codes/controller.py 
controller DEBUG 
===== esc controller =====


2021-06-23 15:45:39,615 
/Users/jaeha/Desktop/personage/codes/controller.py 
controller INFO 
===== start controller =====


2021-06-23 15:45:47,864 
/Users/jaeha/Desktop/personage/codes/controller.py 
controller INFO 
===== esc controller =====


2021-06-23 16:31:25,970 
/Users/jaeha/Desktop/personage/codes/controller.py 
controller INFO 
===== 'controller' 접근 =====


2021-06-23 16:31:28,952 
/Users/jaeha/Desktop/personage/codes/controller.py 
controller INFO 
===== 'list' 메뉴접근 =====


2021-06-23 16:31:51,993 
/Users/jaeha/Desktop/personage/codes/controller.py 
controller INFO 
===== 'controller' 퇴장 =====


2021-06-23 18:00:16,105 
/Users/jaeha/Desktop/personage/codes/controller.py 
controller INFO 
===== 'controller' 접근 =====


2021-06-23 18:00:17,845 
/Users/jaeha/Desktop/personage/codes/controller.py 
controller INFO 
===== 'add' 메뉴접근 =====


2021-06-23 18:00:23,167 
/Users/jaeha/Desktop/personage/codes/controller.py 
controller DEBUG 
===== 인물명 추가 : margherita_hack =====


2021-06-23 18:00:25,177 
/Users/jaeha/Desktop/personage/codes/controller.py 
controller INFO 
===== 'add' 메뉴 퇴장 =====


2021-06-23 18:00:27,038 
/Users/jaeha/Desktop/personage/codes/controller.py 
controller INFO 
===== 'list' 메뉴접근 =====


2021-06-23 18:00:31,514 
/Users/jaeha/Desktop/personage/codes/controller.py 
controller INFO 
===== 'controller' 퇴장 =====


2021-06-23 19:22:12,370 
/Users/jaeha/Desktop/personage/codes/controller.py 
controller INFO 
===== 'controller' 접근 =====


2021-06-23 19:22:27,970 
/Users/jaeha/Desktop/personage/codes/controller.py 
controller INFO 
===== 'list' 메뉴접근 =====


2021-06-23 19:22:34,760 
/Users/jaeha/Desktop/personage/codes/controller.py 
controller INFO 
===== 'controller' 퇴장 =====

