
2021-06-23 15:45:47,865 
/Users/jaeha/Desktop/personage/codes/shower.py 
shower     INFO 
===== 'shower' 접근 =====


2021-06-23 15:46:08,304 
/Users/jaeha/Desktop/personage/codes/shower.py 
shower     INFO 
===== 'aurelia_de_souza' 검색 =====


2021-06-23 15:46:08,307 
/Users/jaeha/Desktop/personage/codes/shower.py 
shower     DEBUG 
===== 인물정보 가져오기 =====


2021-06-23 15:46:08,308 
/Users/jaeha/Desktop/personage/codes/shower.py 
shower     DEBUG 
===== 인물정보 출력 =====


2021-06-23 16:32:14,563 
/Users/jaeha/Desktop/personage/codes/shower.py 
shower     INFO 
===== 'shower' 접근 =====


2021-06-23 16:33:06,543 
/Users/jaeha/Desktop/personage/codes/shower.py 
shower     INFO 
===== 'charles_addams' 검색 =====


2021-06-23 16:33:06,545 
/Users/jaeha/Desktop/personage/codes/shower.py 
shower     DEBUG 
===== 인물정보 가져오기 =====


2021-06-23 16:33:06,546 
/Users/jaeha/Desktop/personage/codes/shower.py 
shower     DEBUG 
===== 인물정보 출력 =====


2021-06-23 16:33:06,546 
/Users/jaeha/Desktop/personage/codes/shower.py 
shower     INFO 
===== 'shower' 퇴장 =====


2021-06-23 18:00:36,457 
/Users/jaeha/Desktop/personage/codes/shower.py 
shower     INFO 
===== 'shower' 접근 =====


2021-06-23 18:00:38,180 
/Users/jaeha/Desktop/personage/codes/shower.py 
shower     INFO 
===== 'margherita_hack' 검색 =====


2021-06-23 18:00:38,180 
/Users/jaeha/Desktop/personage/codes/shower.py 
shower     DEBUG 
===== 인물정보 가져오기 =====


2021-06-23 18:00:38,181 
/Users/jaeha/Desktop/personage/codes/shower.py 
shower     DEBUG 
===== 인물정보 출력 =====


2021-06-23 18:00:38,181 
/Users/jaeha/Desktop/personage/codes/shower.py 
shower     INFO 
===== 'shower' 퇴장 =====


2021-06-23 19:22:44,335 
/Users/jaeha/Desktop/personage/codes/shower.py 
shower     INFO 
===== 'shower' 접근 =====


2021-06-23 19:22:52,587 
/Users/jaeha/Desktop/personage/codes/shower.py 
shower     INFO 
===== 'aurelia_de_souza' 검색 =====


2021-06-23 19:22:52,589 
/Users/jaeha/Desktop/personage/codes/shower.py 
shower     DEBUG 
===== 인물정보 가져오기 =====


2021-06-23 19:22:52,591 
/Users/jaeha/Desktop/personage/codes/shower.py 
shower     DEBUG 
===== 인물정보 출력 =====


2021-06-23 19:22:52,591 
/Users/jaeha/Desktop/personage/codes/shower.py 
shower     INFO 
===== 'shower' 퇴장 =====


2021-06-23 19:23:23,914 
/Users/jaeha/Desktop/personage/codes/shower.py 
shower     INFO 
===== 'shower' 접근 =====


2021-06-23 19:23:25,075 
/Users/jaeha/Desktop/personage/codes/shower.py 
shower     INFO 
===== 'charles_addams' 검색 =====


2021-06-23 19:23:25,077 
/Users/jaeha/Desktop/personage/codes/shower.py 
shower     DEBUG 
===== 인물정보 가져오기 =====


2021-06-23 19:23:25,078 
/Users/jaeha/Desktop/personage/codes/shower.py 
shower     DEBUG 
===== 인물정보 출력 =====


2021-06-23 19:23:25,078 
/Users/jaeha/Desktop/personage/codes/shower.py 
shower     INFO 
===== 'shower' 퇴장 =====

