
2021-06-23 16:31:20,262 
about_personage.py 
starter    INFO 
===== 'starter' 접근 =====


2021-06-23 16:31:25,969 
about_personage.py 
starter    INFO 
===== 'controller'(으)로 접근시도 =====


2021-06-23 16:31:51,993 
about_personage.py 
starter    INFO 
===== 'starter'로 재접근 =====


2021-06-23 16:32:14,561 
about_personage.py 
starter    INFO 
===== 'shower'(으)로 접근시도 =====


2021-06-23 16:33:06,547 
about_personage.py 
starter    INFO 
===== 'starter'로 재접근 =====


2021-06-23 16:33:35,561 
about_personage.py 
starter    INFO 
===== 'exit'(으)로 접근시도 =====


2021-06-23 16:33:35,562 
about_personage.py 
starter    INFO 
===== 시스템종료 =====


2021-06-23 18:00:09,829 
about_personage.py 
starter    INFO 
===== 'starter' 접근 =====


2021-06-23 18:00:16,104 
about_personage.py 
starter    INFO 
===== 'controller'(으)로 접근시도 =====


2021-06-23 18:00:31,514 
about_personage.py 
starter    INFO 
===== 'starter'로 재접근 =====


2021-06-23 18:00:36,456 
about_personage.py 
starter    INFO 
===== 'shower'(으)로 접근시도 =====


2021-06-23 18:00:38,181 
about_personage.py 
starter    INFO 
===== 'starter'로 재접근 =====


2021-06-23 18:00:46,816 
about_personage.py 
starter    INFO 
===== 'exit'(으)로 접근시도 =====


2021-06-23 18:00:46,816 
about_personage.py 
starter    INFO 
===== 시스템종료 =====


2021-06-23 19:21:27,444 
about_personage.py 
starter    INFO 
===== 'starter' 접근 =====


2021-06-23 19:21:29,153 
about_personage.py 
starter    INFO 
===== 'exit'(으)로 접근시도 =====


2021-06-23 19:21:29,154 
about_personage.py 
starter    INFO 
===== 시스템종료 =====


2021-06-23 19:21:58,667 
about_personage.py 
starter    INFO 
===== 'starter' 접근 =====


2021-06-23 19:22:12,368 
about_personage.py 
starter    INFO 
===== 'controller'(으)로 접근시도 =====


2021-06-23 19:22:34,761 
about_personage.py 
starter    INFO 
===== 'starter'로 재접근 =====


2021-06-23 19:22:36,751 
about_personage.py 
starter    INFO 
===== 'exit'(으)로 접근시도 =====


2021-06-23 19:22:36,751 
about_personage.py 
starter    INFO 
===== 시스템종료 =====


2021-06-23 19:22:41,202 
about_personage.py 
starter    INFO 
===== 'starter' 접근 =====


2021-06-23 19:22:44,334 
about_personage.py 
starter    INFO 
===== 'shower'(으)로 접근시도 =====


2021-06-23 19:22:52,591 
about_personage.py 
starter    INFO 
===== 'starter'로 재접근 =====


2021-06-23 19:23:03,929 
about_personage.py 
starter    INFO 
===== 'exit'(으)로 접근시도 =====


2021-06-23 19:23:03,930 
about_personage.py 
starter    INFO 
===== 시스템종료 =====


2021-06-23 19:23:22,087 
about_personage.py 
starter    INFO 
===== 'starter' 접근 =====


2021-06-23 19:23:23,913 
about_personage.py 
starter    INFO 
===== 'shower'(으)로 접근시도 =====


2021-06-23 19:23:25,078 
about_personage.py 
starter    INFO 
===== 'starter'로 재접근 =====


2021-06-23 19:23:29,720 
about_personage.py 
starter    INFO 
===== 'exit'(으)로 접근시도 =====


2021-06-23 19:23:29,720 
about_personage.py 
starter    INFO 
===== 시스템종료 =====


2021-06-24 09:13:00,321 
/Users/jaeha/Desktop/personage/about_personage.py 
starter    INFO 
===== 'starter' 접근 =====


2021-06-24 09:13:02,933 
/Users/jaeha/Desktop/personage/about_personage.py 
starter    INFO 
===== 'exit'(으)로 접근시도 =====


2021-06-24 09:13:02,933 
/Users/jaeha/Desktop/personage/about_personage.py 
starter    INFO 
===== 시스템종료 =====

